<?xml version="1.0" encoding="UTF-8"?>
<!-- Generated by org.testng.reporters.JUnitReportReporter -->
<testsuite hostname="DESKTOP-1D934TS" failures="0" tests="3" name="StockExchange.BaseStock" time="9.682" errors="0" timestamp="2025-10-19T12:22:18 IST" skipped="0">
  <testcase classname="StockExchange.BaseStock" name="openingList" time="1.904"/>
  <testcase classname="StockExchange.BaseStock" name="openingInvest" time="2.341"/>
  <testcase classname="StockExchange.BaseStock" name="openingAboutNSE" time="5.437"/>
</testsuite> <!-- StockExchange.BaseStock -->
