<?xml version="1.0" encoding="UTF-8"?>
<!-- Generated by org.testng.reporters.JUnitReportReporter -->
<testsuite hostname="DESKTOP-1D934TS" failures="0" tests="2" name="Learn.BestLearn" time="10.995" errors="0" timestamp="2025-10-21T18:57:46 IST" skipped="0">
  <testcase classname="Learn.BestLearn" name="checkRadioButton" time="5.651"/>
  <testcase classname="Learn.BestLearn" name="checkAuto" time="5.344"/>
</testsuite> <!-- Learn.BestLearn -->
