<?xml version="1.0" encoding="UTF-8"?>
<!-- Generated by org.testng.reporters.JUnitReportReporter -->
<testsuite hostname="DESKTOP-1D934TS" failures="0" tests="1" name="Learn.BestLearn" time="22.243" errors="0" timestamp="2025-10-20T21:24:19 IST" skipped="0">
  <testcase classname="Learn.BestLearn" name="checkAuto" time="22.243"/>
</testsuite> <!-- Learn.BestLearn -->
