<?xml version="1.0" encoding="UTF-8"?>
<!-- Generated by org.testng.reporters.JUnitReportReporter -->
<testsuite hostname="DESKTOP-1D934TS" failures="0" tests="1" name="StockExchange.BaseStock" time="116.596" errors="0" timestamp="2025-10-14T21:55:28 IST" skipped="0">
  <testcase classname="StockExchange.BaseStock" name="openingAboutNSE" time="116.596"/>
</testsuite> <!-- StockExchange.BaseStock -->
