<?xml version="1.0" encoding="UTF-8"?>
<!-- Generated by org.testng.reporters.JUnitReportReporter -->
<testsuite hostname="DESKTOP-1D934TS" failures="0" tests="4" name="StockExchange.BaseStock" time="31.434" errors="0" timestamp="2025-10-19T21:31:10 IST" skipped="0">
  <testcase classname="StockExchange.BaseStock" name="openingAboutNSE" time="10.613"/>
  <testcase classname="StockExchange.BaseStock" name="openingList" time="9.565"/>
  <testcase classname="StockExchange.BaseStock" name="openingInvest" time="9.556"/>
  <testcase classname="StockExchange.BaseStock" name="testFailExample" time="1.700"/>
</testsuite> <!-- StockExchange.BaseStock -->
