<?xml version="1.0" encoding="UTF-8"?>
<!-- Generated by org.testng.reporters.JUnitReportReporter -->
<testsuite hostname="DESKTOP-1D934TS" failures="0" tests="4" name="StockExchange.BaseExchange" time="18.438" errors="0" timestamp="2025-10-21T18:57:46 IST" skipped="0">
  <testcase classname="StockExchange.BaseExchange" name="openingAboutNSE" time="7.487"/>
  <testcase classname="StockExchange.BaseExchange" name="openingList" time="5.678"/>
  <testcase classname="StockExchange.BaseExchange" name="openingInvest" time="4.350"/>
  <testcase classname="StockExchange.BaseExchange" name="testFailExample" time="0.923"/>
</testsuite> <!-- StockExchange.BaseExchange -->
