<?xml version="1.0" encoding="UTF-8"?>
<!-- Generated by org.testng.reporters.JUnitReportReporter -->
<testsuite hostname="DESKTOP-1D934TS" failures="0" tests="3" name="StockExchange.BaseStock" time="36.412" errors="0" timestamp="2025-10-18T11:47:30 IST" skipped="0">
  <testcase classname="StockExchange.BaseStock" name="openingList" time="3.141"/>
  <testcase classname="StockExchange.BaseStock" name="openingAboutNSE" time="27.523"/>
  <testcase classname="StockExchange.BaseStock" name="openingInvest" time="5.748"/>
</testsuite> <!-- StockExchange.BaseStock -->
